DEBUG - 2026-07-21 00:46:04 --> Session: Class initialized using 'CodeIgniter\Session\Handlers\FileHandler' driver.
DEBUG - 2026-07-21 00:46:05 --> Session: Class initialized using 'CodeIgniter\Session\Handlers\FileHandler' driver.
DEBUG - 2026-07-21 00:46:23 --> Session: Class initialized using 'CodeIgniter\Session\Handlers\FileHandler' driver.
DEBUG - 2026-07-21 00:46:24 --> Session: Class initialized using 'CodeIgniter\Session\Handlers\FileHandler' driver.
ERROR - 2026-07-21 00:46:24 --> Unknown column 'sale.user_id' in 'on clause'
in SYSTEMPATH\Database\MySQLi\Connection.php on line 300.
 1 SYSTEMPATH\Database\MySQLi\Connection.php(300): mysqli->query('SELECT `sale`.`sale_id`, `sale`.`sale_date`, `sale`.`total_amount`, `sale`.`status`, `customer`.`firstname`, `user`.`username`, COUNT(sale_item.sale_item_id) AS items_count
FROM `sale`
LEFT JOIN `customer` ON `customer`.`customer_id` = `sale`.`customer_id`
LEFT JOIN `user` ON `user`.`user_id` = `sale`.`user_id`
LEFT JOIN `sale_item` ON `sale_item`.`sale_id` = `sale`.`sale_id`
GROUP BY `sale`.`sale_id`
ORDER BY `sale`.`sale_date` DESC
 LIMIT 10', 0)
 2 SYSTEMPATH\Database\BaseConnection.php(908): CodeIgniter\Database\MySQLi\Connection->execute('SELECT `sale`.`sale_id`, `sale`.`sale_date`, `sale`.`total_amount`, `sale`.`status`, `customer`.`firstname`, `user`.`username`, COUNT(sale_item.sale_item_id) AS items_count
FROM `sale`
LEFT JOIN `customer` ON `customer`.`customer_id` = `sale`.`customer_id`
LEFT JOIN `user` ON `user`.`user_id` = `sale`.`user_id`
LEFT JOIN `sale_item` ON `sale_item`.`sale_id` = `sale`.`sale_id`
GROUP BY `sale`.`sale_id`
ORDER BY `sale`.`sale_date` DESC
 LIMIT 10')
 3 SYSTEMPATH\Database\BaseConnection.php(825): CodeIgniter\Database\BaseConnection->simpleQuery('SELECT `sale`.`sale_id`, `sale`.`sale_date`, `sale`.`total_amount`, `sale`.`status`, `customer`.`firstname`, `user`.`username`, COUNT(sale_item.sale_item_id) AS items_count
FROM `sale`
LEFT JOIN `customer` ON `customer`.`customer_id` = `sale`.`customer_id`
LEFT JOIN `user` ON `user`.`user_id` = `sale`.`user_id`
LEFT JOIN `sale_item` ON `sale_item`.`sale_id` = `sale`.`sale_id`
GROUP BY `sale`.`sale_id`
ORDER BY `sale`.`sale_date` DESC
 LIMIT 10')
 4 SYSTEMPATH\Database\BaseBuilder.php(1647): CodeIgniter\Database\BaseConnection->query('SELECT `sale`.`sale_id`, `sale`.`sale_date`, `sale`.`total_amount`, `sale`.`status`, `customer`.`firstname`, `user`.`username`, COUNT(sale_item.sale_item_id) AS items_count
FROM `sale`
LEFT JOIN `customer` ON `customer`.`customer_id` = `sale`.`customer_id`
LEFT JOIN `user` ON `user`.`user_id` = `sale`.`user_id`
LEFT JOIN `sale_item` ON `sale_item`.`sale_id` = `sale`.`sale_id`
GROUP BY `sale`.`sale_id`
ORDER BY `sale`.`sale_date` DESC
 LIMIT 10', [], false)
 5 SYSTEMPATH\Model.php(255): CodeIgniter\Database\BaseBuilder->get()
 6 SYSTEMPATH\BaseModel.php(676): CodeIgniter\Model->doFindAll(0, 0)
 7 APPPATH\Controllers\DashBoard.php(46): CodeIgniter\BaseModel->findAll()
 8 SYSTEMPATH\CodeIgniter.php(974): App\Controllers\DashBoard->index()
 9 SYSTEMPATH\CodeIgniter.php(520): CodeIgniter\CodeIgniter->runController(Object(App\Controllers\DashBoard))
10 SYSTEMPATH\CodeIgniter.php(363): CodeIgniter\CodeIgniter->handleRequest(null, Object(Config\Cache), false)
11 SYSTEMPATH\Boot.php(417): CodeIgniter\CodeIgniter->run()
12 SYSTEMPATH\Boot.php(68): CodeIgniter\Boot::runCodeIgniter(Object(CodeIgniter\CodeIgniter))
13 FCPATH\index.php(59): CodeIgniter\Boot::bootWeb(Object(Config\Paths))
14 SYSTEMPATH\rewrite.php(44): require_once('C:\\laragon\\www\\POS_SYSTEM\\public\\index.php')
CRITICAL - 2026-07-21 00:46:24 --> CodeIgniter\Database\Exceptions\DatabaseException: Unknown column 'sale.user_id' in 'on clause'
[Method: GET, Route: DashBoard/index]
in SYSTEMPATH\Database\BaseConnection.php on line 863.
 1 SYSTEMPATH\Database\BaseBuilder.php(1647): CodeIgniter\Database\BaseConnection->query('SELECT `sale`.`sale_id`, `sale`.`sale_date`, `sale`.`total_amount`, `sale`.`status`, `customer`.`firstname`, `user`.`username`, COUNT(sale_item.sale_item_id) AS items_count
FROM `sale`
LEFT JOIN `customer` ON `customer`.`customer_id` = `sale`.`customer_id`
LEFT JOIN `user` ON `user`.`user_id` = `sale`.`user_id`
LEFT JOIN `sale_item` ON `sale_item`.`sale_id` = `sale`.`sale_id`
GROUP BY `sale`.`sale_id`
ORDER BY `sale`.`sale_date` DESC
 LIMIT 10', [], false)
 2 SYSTEMPATH\Model.php(255): CodeIgniter\Database\BaseBuilder->get()
 3 SYSTEMPATH\BaseModel.php(676): CodeIgniter\Model->doFindAll(0, 0)
 4 APPPATH\Controllers\DashBoard.php(46): CodeIgniter\BaseModel->findAll()
 5 SYSTEMPATH\CodeIgniter.php(974): App\Controllers\DashBoard->index()
 6 SYSTEMPATH\CodeIgniter.php(520): CodeIgniter\CodeIgniter->runController(Object(App\Controllers\DashBoard))
 7 SYSTEMPATH\CodeIgniter.php(363): CodeIgniter\CodeIgniter->handleRequest(null, Object(Config\Cache), false)
 8 SYSTEMPATH\Boot.php(417): CodeIgniter\CodeIgniter->run()
 9 SYSTEMPATH\Boot.php(68): CodeIgniter\Boot::runCodeIgniter(Object(CodeIgniter\CodeIgniter))
10 FCPATH\index.php(59): CodeIgniter\Boot::bootWeb(Object(Config\Paths))
11 SYSTEMPATH\rewrite.php(44): require_once('C:\\laragon\\www\\POS_SYSTEM\\public\\index.php')
CRITICAL - 2026-07-21 00:46:24 --> [Caused by] CodeIgniter\Database\Exceptions\DatabaseException: Unknown column 'sale.user_id' in 'on clause'
in SYSTEMPATH\Database\MySQLi\Connection.php on line 310.
 1 SYSTEMPATH\Database\BaseConnection.php(908): CodeIgniter\Database\MySQLi\Connection->execute('SELECT `sale`.`sale_id`, `sale`.`sale_date`, `sale`.`total_amount`, `sale`.`status`, `customer`.`firstname`, `user`.`username`, COUNT(sale_item.sale_item_id) AS items_count
FROM `sale`
LEFT JOIN `customer` ON `customer`.`customer_id` = `sale`.`customer_id`
LEFT JOIN `user` ON `user`.`user_id` = `sale`.`user_id`
LEFT JOIN `sale_item` ON `sale_item`.`sale_id` = `sale`.`sale_id`
GROUP BY `sale`.`sale_id`
ORDER BY `sale`.`sale_date` DESC
 LIMIT 10')
 2 SYSTEMPATH\Database\BaseConnection.php(825): CodeIgniter\Database\BaseConnection->simpleQuery('SELECT `sale`.`sale_id`, `sale`.`sale_date`, `sale`.`total_amount`, `sale`.`status`, `customer`.`firstname`, `user`.`username`, COUNT(sale_item.sale_item_id) AS items_count
FROM `sale`
LEFT JOIN `customer` ON `customer`.`customer_id` = `sale`.`customer_id`
LEFT JOIN `user` ON `user`.`user_id` = `sale`.`user_id`
LEFT JOIN `sale_item` ON `sale_item`.`sale_id` = `sale`.`sale_id`
GROUP BY `sale`.`sale_id`
ORDER BY `sale`.`sale_date` DESC
 LIMIT 10')
 3 SYSTEMPATH\Database\BaseBuilder.php(1647): CodeIgniter\Database\BaseConnection->query('SELECT `sale`.`sale_id`, `sale`.`sale_date`, `sale`.`total_amount`, `sale`.`status`, `customer`.`firstname`, `user`.`username`, COUNT(sale_item.sale_item_id) AS items_count
FROM `sale`
LEFT JOIN `customer` ON `customer`.`customer_id` = `sale`.`customer_id`
LEFT JOIN `user` ON `user`.`user_id` = `sale`.`user_id`
LEFT JOIN `sale_item` ON `sale_item`.`sale_id` = `sale`.`sale_id`
GROUP BY `sale`.`sale_id`
ORDER BY `sale`.`sale_date` DESC
 LIMIT 10', [], false)
 4 SYSTEMPATH\Model.php(255): CodeIgniter\Database\BaseBuilder->get()
 5 SYSTEMPATH\BaseModel.php(676): CodeIgniter\Model->doFindAll(0, 0)
 6 APPPATH\Controllers\DashBoard.php(46): CodeIgniter\BaseModel->findAll()
 7 SYSTEMPATH\CodeIgniter.php(974): App\Controllers\DashBoard->index()
 8 SYSTEMPATH\CodeIgniter.php(520): CodeIgniter\CodeIgniter->runController(Object(App\Controllers\DashBoard))
 9 SYSTEMPATH\CodeIgniter.php(363): CodeIgniter\CodeIgniter->handleRequest(null, Object(Config\Cache), false)
10 SYSTEMPATH\Boot.php(417): CodeIgniter\CodeIgniter->run()
11 SYSTEMPATH\Boot.php(68): CodeIgniter\Boot::runCodeIgniter(Object(CodeIgniter\CodeIgniter))
12 FCPATH\index.php(59): CodeIgniter\Boot::bootWeb(Object(Config\Paths))
13 SYSTEMPATH\rewrite.php(44): require_once('C:\\laragon\\www\\POS_SYSTEM\\public\\index.php')
CRITICAL - 2026-07-21 00:46:24 --> [Caused by] mysqli_sql_exception: Unknown column 'sale.user_id' in 'on clause'
in SYSTEMPATH\Database\MySQLi\Connection.php on line 300.
 1 SYSTEMPATH\Database\MySQLi\Connection.php(300): mysqli->query('SELECT `sale`.`sale_id`, `sale`.`sale_date`, `sale`.`total_amount`, `sale`.`status`, `customer`.`firstname`, `user`.`username`, COUNT(sale_item.sale_item_id) AS items_count
FROM `sale`
LEFT JOIN `customer` ON `customer`.`customer_id` = `sale`.`customer_id`
LEFT JOIN `user` ON `user`.`user_id` = `sale`.`user_id`
LEFT JOIN `sale_item` ON `sale_item`.`sale_id` = `sale`.`sale_id`
GROUP BY `sale`.`sale_id`
ORDER BY `sale`.`sale_date` DESC
 LIMIT 10', 0)
 2 SYSTEMPATH\Database\BaseConnection.php(908): CodeIgniter\Database\MySQLi\Connection->execute('SELECT `sale`.`sale_id`, `sale`.`sale_date`, `sale`.`total_amount`, `sale`.`status`, `customer`.`firstname`, `user`.`username`, COUNT(sale_item.sale_item_id) AS items_count
FROM `sale`
LEFT JOIN `customer` ON `customer`.`customer_id` = `sale`.`customer_id`
LEFT JOIN `user` ON `user`.`user_id` = `sale`.`user_id`
LEFT JOIN `sale_item` ON `sale_item`.`sale_id` = `sale`.`sale_id`
GROUP BY `sale`.`sale_id`
ORDER BY `sale`.`sale_date` DESC
 LIMIT 10')
 3 SYSTEMPATH\Database\BaseConnection.php(825): CodeIgniter\Database\BaseConnection->simpleQuery('SELECT `sale`.`sale_id`, `sale`.`sale_date`, `sale`.`total_amount`, `sale`.`status`, `customer`.`firstname`, `user`.`username`, COUNT(sale_item.sale_item_id) AS items_count
FROM `sale`
LEFT JOIN `customer` ON `customer`.`customer_id` = `sale`.`customer_id`
LEFT JOIN `user` ON `user`.`user_id` = `sale`.`user_id`
LEFT JOIN `sale_item` ON `sale_item`.`sale_id` = `sale`.`sale_id`
GROUP BY `sale`.`sale_id`
ORDER BY `sale`.`sale_date` DESC
 LIMIT 10')
 4 SYSTEMPATH\Database\BaseBuilder.php(1647): CodeIgniter\Database\BaseConnection->query('SELECT `sale`.`sale_id`, `sale`.`sale_date`, `sale`.`total_amount`, `sale`.`status`, `customer`.`firstname`, `user`.`username`, COUNT(sale_item.sale_item_id) AS items_count
FROM `sale`
LEFT JOIN `customer` ON `customer`.`customer_id` = `sale`.`customer_id`
LEFT JOIN `user` ON `user`.`user_id` = `sale`.`user_id`
LEFT JOIN `sale_item` ON `sale_item`.`sale_id` = `sale`.`sale_id`
GROUP BY `sale`.`sale_id`
ORDER BY `sale`.`sale_date` DESC
 LIMIT 10', [], false)
 5 SYSTEMPATH\Model.php(255): CodeIgniter\Database\BaseBuilder->get()
 6 SYSTEMPATH\BaseModel.php(676): CodeIgniter\Model->doFindAll(0, 0)
 7 APPPATH\Controllers\DashBoard.php(46): CodeIgniter\BaseModel->findAll()
 8 SYSTEMPATH\CodeIgniter.php(974): App\Controllers\DashBoard->index()
 9 SYSTEMPATH\CodeIgniter.php(520): CodeIgniter\CodeIgniter->runController(Object(App\Controllers\DashBoard))
10 SYSTEMPATH\CodeIgniter.php(363): CodeIgniter\CodeIgniter->handleRequest(null, Object(Config\Cache), false)
11 SYSTEMPATH\Boot.php(417): CodeIgniter\CodeIgniter->run()
12 SYSTEMPATH\Boot.php(68): CodeIgniter\Boot::runCodeIgniter(Object(CodeIgniter\CodeIgniter))
13 FCPATH\index.php(59): CodeIgniter\Boot::bootWeb(Object(Config\Paths))
14 SYSTEMPATH\rewrite.php(44): require_once('C:\\laragon\\www\\POS_SYSTEM\\public\\index.php')
DEBUG - 2026-07-21 00:48:54 --> Session: Class initialized using 'CodeIgniter\Session\Handlers\FileHandler' driver.
ERROR - 2026-07-21 00:48:54 --> Unknown column 'sale.user_id' in 'on clause'
in SYSTEMPATH\Database\MySQLi\Connection.php on line 300.
 1 SYSTEMPATH\Database\MySQLi\Connection.php(300): mysqli->query('SELECT `sale`.`sale_id`, `sale`.`sale_date`, `sale`.`total_amount`, `sale`.`status`, `customer`.`firstname`, `user`.`username`, COUNT(sale_item.sale_item_id) AS items_count
FROM `sale`
LEFT JOIN `customer` ON `customer`.`customer_id` = `sale`.`customer_id`
LEFT JOIN `user` ON `user`.`user_id` = `sale`.`user_id`
LEFT JOIN `sale_item` ON `sale_item`.`sale_id` = `sale`.`sale_id`
GROUP BY `sale`.`sale_id`
ORDER BY `sale`.`sale_date` DESC
 LIMIT 10', 0)
 2 SYSTEMPATH\Database\BaseConnection.php(908): CodeIgniter\Database\MySQLi\Connection->execute('SELECT `sale`.`sale_id`, `sale`.`sale_date`, `sale`.`total_amount`, `sale`.`status`, `customer`.`firstname`, `user`.`username`, COUNT(sale_item.sale_item_id) AS items_count
FROM `sale`
LEFT JOIN `customer` ON `customer`.`customer_id` = `sale`.`customer_id`
LEFT JOIN `user` ON `user`.`user_id` = `sale`.`user_id`
LEFT JOIN `sale_item` ON `sale_item`.`sale_id` = `sale`.`sale_id`
GROUP BY `sale`.`sale_id`
ORDER BY `sale`.`sale_date` DESC
 LIMIT 10')
 3 SYSTEMPATH\Database\BaseConnection.php(825): CodeIgniter\Database\BaseConnection->simpleQuery('SELECT `sale`.`sale_id`, `sale`.`sale_date`, `sale`.`total_amount`, `sale`.`status`, `customer`.`firstname`, `user`.`username`, COUNT(sale_item.sale_item_id) AS items_count
FROM `sale`
LEFT JOIN `customer` ON `customer`.`customer_id` = `sale`.`customer_id`
LEFT JOIN `user` ON `user`.`user_id` = `sale`.`user_id`
LEFT JOIN `sale_item` ON `sale_item`.`sale_id` = `sale`.`sale_id`
GROUP BY `sale`.`sale_id`
ORDER BY `sale`.`sale_date` DESC
 LIMIT 10')
 4 SYSTEMPATH\Database\BaseBuilder.php(1647): CodeIgniter\Database\BaseConnection->query('SELECT `sale`.`sale_id`, `sale`.`sale_date`, `sale`.`total_amount`, `sale`.`status`, `customer`.`firstname`, `user`.`username`, COUNT(sale_item.sale_item_id) AS items_count
FROM `sale`
LEFT JOIN `customer` ON `customer`.`customer_id` = `sale`.`customer_id`
LEFT JOIN `user` ON `user`.`user_id` = `sale`.`user_id`
LEFT JOIN `sale_item` ON `sale_item`.`sale_id` = `sale`.`sale_id`
GROUP BY `sale`.`sale_id`
ORDER BY `sale`.`sale_date` DESC
 LIMIT 10', [], false)
 5 SYSTEMPATH\Model.php(255): CodeIgniter\Database\BaseBuilder->get()
 6 SYSTEMPATH\BaseModel.php(676): CodeIgniter\Model->doFindAll(0, 0)
 7 APPPATH\Controllers\DashBoard.php(46): CodeIgniter\BaseModel->findAll()
 8 SYSTEMPATH\CodeIgniter.php(974): App\Controllers\DashBoard->index()
 9 SYSTEMPATH\CodeIgniter.php(520): CodeIgniter\CodeIgniter->runController(Object(App\Controllers\DashBoard))
10 SYSTEMPATH\CodeIgniter.php(363): CodeIgniter\CodeIgniter->handleRequest(null, Object(Config\Cache), false)
11 SYSTEMPATH\Boot.php(417): CodeIgniter\CodeIgniter->run()
12 SYSTEMPATH\Boot.php(68): CodeIgniter\Boot::runCodeIgniter(Object(CodeIgniter\CodeIgniter))
13 FCPATH\index.php(59): CodeIgniter\Boot::bootWeb(Object(Config\Paths))
14 SYSTEMPATH\rewrite.php(44): require_once('C:\\laragon\\www\\POS_SYSTEM\\public\\index.php')
CRITICAL - 2026-07-21 00:48:54 --> CodeIgniter\Database\Exceptions\DatabaseException: Unknown column 'sale.user_id' in 'on clause'
[Method: GET, Route: DashBoard/index]
in SYSTEMPATH\Database\BaseConnection.php on line 863.
 1 SYSTEMPATH\Database\BaseBuilder.php(1647): CodeIgniter\Database\BaseConnection->query('SELECT `sale`.`sale_id`, `sale`.`sale_date`, `sale`.`total_amount`, `sale`.`status`, `customer`.`firstname`, `user`.`username`, COUNT(sale_item.sale_item_id) AS items_count
FROM `sale`
LEFT JOIN `customer` ON `customer`.`customer_id` = `sale`.`customer_id`
LEFT JOIN `user` ON `user`.`user_id` = `sale`.`user_id`
LEFT JOIN `sale_item` ON `sale_item`.`sale_id` = `sale`.`sale_id`
GROUP BY `sale`.`sale_id`
ORDER BY `sale`.`sale_date` DESC
 LIMIT 10', [], false)
 2 SYSTEMPATH\Model.php(255): CodeIgniter\Database\BaseBuilder->get()
 3 SYSTEMPATH\BaseModel.php(676): CodeIgniter\Model->doFindAll(0, 0)
 4 APPPATH\Controllers\DashBoard.php(46): CodeIgniter\BaseModel->findAll()
 5 SYSTEMPATH\CodeIgniter.php(974): App\Controllers\DashBoard->index()
 6 SYSTEMPATH\CodeIgniter.php(520): CodeIgniter\CodeIgniter->runController(Object(App\Controllers\DashBoard))
 7 SYSTEMPATH\CodeIgniter.php(363): CodeIgniter\CodeIgniter->handleRequest(null, Object(Config\Cache), false)
 8 SYSTEMPATH\Boot.php(417): CodeIgniter\CodeIgniter->run()
 9 SYSTEMPATH\Boot.php(68): CodeIgniter\Boot::runCodeIgniter(Object(CodeIgniter\CodeIgniter))
10 FCPATH\index.php(59): CodeIgniter\Boot::bootWeb(Object(Config\Paths))
11 SYSTEMPATH\rewrite.php(44): require_once('C:\\laragon\\www\\POS_SYSTEM\\public\\index.php')
CRITICAL - 2026-07-21 00:48:54 --> [Caused by] CodeIgniter\Database\Exceptions\DatabaseException: Unknown column 'sale.user_id' in 'on clause'
in SYSTEMPATH\Database\MySQLi\Connection.php on line 310.
 1 SYSTEMPATH\Database\BaseConnection.php(908): CodeIgniter\Database\MySQLi\Connection->execute('SELECT `sale`.`sale_id`, `sale`.`sale_date`, `sale`.`total_amount`, `sale`.`status`, `customer`.`firstname`, `user`.`username`, COUNT(sale_item.sale_item_id) AS items_count
FROM `sale`
LEFT JOIN `customer` ON `customer`.`customer_id` = `sale`.`customer_id`
LEFT JOIN `user` ON `user`.`user_id` = `sale`.`user_id`
LEFT JOIN `sale_item` ON `sale_item`.`sale_id` = `sale`.`sale_id`
GROUP BY `sale`.`sale_id`
ORDER BY `sale`.`sale_date` DESC
 LIMIT 10')
 2 SYSTEMPATH\Database\BaseConnection.php(825): CodeIgniter\Database\BaseConnection->simpleQuery('SELECT `sale`.`sale_id`, `sale`.`sale_date`, `sale`.`total_amount`, `sale`.`status`, `customer`.`firstname`, `user`.`username`, COUNT(sale_item.sale_item_id) AS items_count
FROM `sale`
LEFT JOIN `customer` ON `customer`.`customer_id` = `sale`.`customer_id`
LEFT JOIN `user` ON `user`.`user_id` = `sale`.`user_id`
LEFT JOIN `sale_item` ON `sale_item`.`sale_id` = `sale`.`sale_id`
GROUP BY `sale`.`sale_id`
ORDER BY `sale`.`sale_date` DESC
 LIMIT 10')
 3 SYSTEMPATH\Database\BaseBuilder.php(1647): CodeIgniter\Database\BaseConnection->query('SELECT `sale`.`sale_id`, `sale`.`sale_date`, `sale`.`total_amount`, `sale`.`status`, `customer`.`firstname`, `user`.`username`, COUNT(sale_item.sale_item_id) AS items_count
FROM `sale`
LEFT JOIN `customer` ON `customer`.`customer_id` = `sale`.`customer_id`
LEFT JOIN `user` ON `user`.`user_id` = `sale`.`user_id`
LEFT JOIN `sale_item` ON `sale_item`.`sale_id` = `sale`.`sale_id`
GROUP BY `sale`.`sale_id`
ORDER BY `sale`.`sale_date` DESC
 LIMIT 10', [], false)
 4 SYSTEMPATH\Model.php(255): CodeIgniter\Database\BaseBuilder->get()
 5 SYSTEMPATH\BaseModel.php(676): CodeIgniter\Model->doFindAll(0, 0)
 6 APPPATH\Controllers\DashBoard.php(46): CodeIgniter\BaseModel->findAll()
 7 SYSTEMPATH\CodeIgniter.php(974): App\Controllers\DashBoard->index()
 8 SYSTEMPATH\CodeIgniter.php(520): CodeIgniter\CodeIgniter->runController(Object(App\Controllers\DashBoard))
 9 SYSTEMPATH\CodeIgniter.php(363): CodeIgniter\CodeIgniter->handleRequest(null, Object(Config\Cache), false)
10 SYSTEMPATH\Boot.php(417): CodeIgniter\CodeIgniter->run()
11 SYSTEMPATH\Boot.php(68): CodeIgniter\Boot::runCodeIgniter(Object(CodeIgniter\CodeIgniter))
12 FCPATH\index.php(59): CodeIgniter\Boot::bootWeb(Object(Config\Paths))
13 SYSTEMPATH\rewrite.php(44): require_once('C:\\laragon\\www\\POS_SYSTEM\\public\\index.php')
CRITICAL - 2026-07-21 00:48:54 --> [Caused by] mysqli_sql_exception: Unknown column 'sale.user_id' in 'on clause'
in SYSTEMPATH\Database\MySQLi\Connection.php on line 300.
 1 SYSTEMPATH\Database\MySQLi\Connection.php(300): mysqli->query('SELECT `sale`.`sale_id`, `sale`.`sale_date`, `sale`.`total_amount`, `sale`.`status`, `customer`.`firstname`, `user`.`username`, COUNT(sale_item.sale_item_id) AS items_count
FROM `sale`
LEFT JOIN `customer` ON `customer`.`customer_id` = `sale`.`customer_id`
LEFT JOIN `user` ON `user`.`user_id` = `sale`.`user_id`
LEFT JOIN `sale_item` ON `sale_item`.`sale_id` = `sale`.`sale_id`
GROUP BY `sale`.`sale_id`
ORDER BY `sale`.`sale_date` DESC
 LIMIT 10', 0)
 2 SYSTEMPATH\Database\BaseConnection.php(908): CodeIgniter\Database\MySQLi\Connection->execute('SELECT `sale`.`sale_id`, `sale`.`sale_date`, `sale`.`total_amount`, `sale`.`status`, `customer`.`firstname`, `user`.`username`, COUNT(sale_item.sale_item_id) AS items_count
FROM `sale`
LEFT JOIN `customer` ON `customer`.`customer_id` = `sale`.`customer_id`
LEFT JOIN `user` ON `user`.`user_id` = `sale`.`user_id`
LEFT JOIN `sale_item` ON `sale_item`.`sale_id` = `sale`.`sale_id`
GROUP BY `sale`.`sale_id`
ORDER BY `sale`.`sale_date` DESC
 LIMIT 10')
 3 SYSTEMPATH\Database\BaseConnection.php(825): CodeIgniter\Database\BaseConnection->simpleQuery('SELECT `sale`.`sale_id`, `sale`.`sale_date`, `sale`.`total_amount`, `sale`.`status`, `customer`.`firstname`, `user`.`username`, COUNT(sale_item.sale_item_id) AS items_count
FROM `sale`
LEFT JOIN `customer` ON `customer`.`customer_id` = `sale`.`customer_id`
LEFT JOIN `user` ON `user`.`user_id` = `sale`.`user_id`
LEFT JOIN `sale_item` ON `sale_item`.`sale_id` = `sale`.`sale_id`
GROUP BY `sale`.`sale_id`
ORDER BY `sale`.`sale_date` DESC
 LIMIT 10')
 4 SYSTEMPATH\Database\BaseBuilder.php(1647): CodeIgniter\Database\BaseConnection->query('SELECT `sale`.`sale_id`, `sale`.`sale_date`, `sale`.`total_amount`, `sale`.`status`, `customer`.`firstname`, `user`.`username`, COUNT(sale_item.sale_item_id) AS items_count
FROM `sale`
LEFT JOIN `customer` ON `customer`.`customer_id` = `sale`.`customer_id`
LEFT JOIN `user` ON `user`.`user_id` = `sale`.`user_id`
LEFT JOIN `sale_item` ON `sale_item`.`sale_id` = `sale`.`sale_id`
GROUP BY `sale`.`sale_id`
ORDER BY `sale`.`sale_date` DESC
 LIMIT 10', [], false)
 5 SYSTEMPATH\Model.php(255): CodeIgniter\Database\BaseBuilder->get()
 6 SYSTEMPATH\BaseModel.php(676): CodeIgniter\Model->doFindAll(0, 0)
 7 APPPATH\Controllers\DashBoard.php(46): CodeIgniter\BaseModel->findAll()
 8 SYSTEMPATH\CodeIgniter.php(974): App\Controllers\DashBoard->index()
 9 SYSTEMPATH\CodeIgniter.php(520): CodeIgniter\CodeIgniter->runController(Object(App\Controllers\DashBoard))
10 SYSTEMPATH\CodeIgniter.php(363): CodeIgniter\CodeIgniter->handleRequest(null, Object(Config\Cache), false)
11 SYSTEMPATH\Boot.php(417): CodeIgniter\CodeIgniter->run()
12 SYSTEMPATH\Boot.php(68): CodeIgniter\Boot::runCodeIgniter(Object(CodeIgniter\CodeIgniter))
13 FCPATH\index.php(59): CodeIgniter\Boot::bootWeb(Object(Config\Paths))
14 SYSTEMPATH\rewrite.php(44): require_once('C:\\laragon\\www\\POS_SYSTEM\\public\\index.php')
DEBUG - 2026-07-21 00:54:58 --> Session: Class initialized using 'CodeIgniter\Session\Handlers\FileHandler' driver.
DEBUG - 2026-07-21 01:14:46 --> Session: Class initialized using 'CodeIgniter\Session\Handlers\FileHandler' driver.
DEBUG - 2026-07-21 01:14:50 --> Session: Class initialized using 'CodeIgniter\Session\Handlers\FileHandler' driver.
DEBUG - 2026-07-21 01:14:52 --> Session: Class initialized using 'CodeIgniter\Session\Handlers\FileHandler' driver.
DEBUG - 2026-07-21 01:14:55 --> Session: Class initialized using 'CodeIgniter\Session\Handlers\FileHandler' driver.
DEBUG - 2026-07-21 01:14:59 --> Session: Class initialized using 'CodeIgniter\Session\Handlers\FileHandler' driver.
DEBUG - 2026-07-21 01:14:59 --> Session: Class initialized using 'CodeIgniter\Session\Handlers\FileHandler' driver.
DEBUG - 2026-07-21 01:14:59 --> Session: Class initialized using 'CodeIgniter\Session\Handlers\FileHandler' driver.
DEBUG - 2026-07-21 01:18:22 --> Session: Class initialized using 'CodeIgniter\Session\Handlers\FileHandler' driver.
DEBUG - 2026-07-21 01:18:34 --> Session: Class initialized using 'CodeIgniter\Session\Handlers\FileHandler' driver.
DEBUG - 2026-07-21 01:18:45 --> Session: Class initialized using 'CodeIgniter\Session\Handlers\FileHandler' driver.
DEBUG - 2026-07-21 01:18:45 --> Session: Class initialized using 'CodeIgniter\Session\Handlers\FileHandler' driver.
DEBUG - 2026-07-21 01:18:45 --> Session: Class initialized using 'CodeIgniter\Session\Handlers\FileHandler' driver.
DEBUG - 2026-07-21 01:19:15 --> Session: Class initialized using 'CodeIgniter\Session\Handlers\FileHandler' driver.
DEBUG - 2026-07-21 01:19:15 --> Session: Class initialized using 'CodeIgniter\Session\Handlers\FileHandler' driver.
DEBUG - 2026-07-21 01:19:15 --> Session: Class initialized using 'CodeIgniter\Session\Handlers\FileHandler' driver.
DEBUG - 2026-07-21 01:19:41 --> Session: Class initialized using 'CodeIgniter\Session\Handlers\FileHandler' driver.
DEBUG - 2026-07-21 01:19:41 --> Session: Class initialized using 'CodeIgniter\Session\Handlers\FileHandler' driver.
DEBUG - 2026-07-21 01:19:42 --> Session: Class initialized using 'CodeIgniter\Session\Handlers\FileHandler' driver.
DEBUG - 2026-07-21 01:19:46 --> Session: Class initialized using 'CodeIgniter\Session\Handlers\FileHandler' driver.
DEBUG - 2026-07-21 01:20:01 --> Session: Class initialized using 'CodeIgniter\Session\Handlers\FileHandler' driver.
DEBUG - 2026-07-21 01:20:05 --> Session: Class initialized using 'CodeIgniter\Session\Handlers\FileHandler' driver.
DEBUG - 2026-07-21 01:20:07 --> Session: Class initialized using 'CodeIgniter\Session\Handlers\FileHandler' driver.
DEBUG - 2026-07-21 01:20:52 --> Session: Class initialized using 'CodeIgniter\Session\Handlers\FileHandler' driver.
DEBUG - 2026-07-21 01:26:27 --> Session: Class initialized using 'CodeIgniter\Session\Handlers\FileHandler' driver.
DEBUG - 2026-07-21 01:26:32 --> Session: Class initialized using 'CodeIgniter\Session\Handlers\FileHandler' driver.
DEBUG - 2026-07-21 08:44:57 --> Session: Class initialized using 'CodeIgniter\Session\Handlers\FileHandler' driver.
DEBUG - 2026-07-21 08:45:54 --> Session: Class initialized using 'CodeIgniter\Session\Handlers\FileHandler' driver.
DEBUG - 2026-07-21 08:45:54 --> Session: Class initialized using 'CodeIgniter\Session\Handlers\FileHandler' driver.
DEBUG - 2026-07-21 08:45:54 --> Session: Class initialized using 'CodeIgniter\Session\Handlers\FileHandler' driver.
DEBUG - 2026-07-21 08:46:00 --> Session: Class initialized using 'CodeIgniter\Session\Handlers\FileHandler' driver.
DEBUG - 2026-07-21 08:46:00 --> Session: Class initialized using 'CodeIgniter\Session\Handlers\FileHandler' driver.
DEBUG - 2026-07-21 08:46:01 --> Session: Class initialized using 'CodeIgniter\Session\Handlers\FileHandler' driver.
DEBUG - 2026-07-21 08:46:06 --> Session: Class initialized using 'CodeIgniter\Session\Handlers\FileHandler' driver.
DEBUG - 2026-07-21 08:46:07 --> Session: Class initialized using 'CodeIgniter\Session\Handlers\FileHandler' driver.
DEBUG - 2026-07-21 08:46:07 --> Session: Class initialized using 'CodeIgniter\Session\Handlers\FileHandler' driver.
DEBUG - 2026-07-21 08:46:13 --> Session: Class initialized using 'CodeIgniter\Session\Handlers\FileHandler' driver.
ERROR - 2026-07-21 08:46:13 --> Column 'created_by_user_id' cannot be null
in SYSTEMPATH\Database\MySQLi\Connection.php on line 300.
 1 SYSTEMPATH\Database\MySQLi\Connection.php(300): mysqli->query('INSERT INTO `sale_item` (`sale_id`, `product_id`, `quantity`, `unit_price`, `subtotal`, `created_by_user_id`) VALUES (6, \'1\', 1, \'18\', 18, NULL)', 0)
 2 SYSTEMPATH\Database\BaseConnection.php(908): CodeIgniter\Database\MySQLi\Connection->execute('INSERT INTO `sale_item` (`sale_id`, `product_id`, `quantity`, `unit_price`, `subtotal`, `created_by_user_id`) VALUES (6, \'1\', 1, \'18\', 18, NULL)')
 3 SYSTEMPATH\Database\BaseConnection.php(825): CodeIgniter\Database\BaseConnection->simpleQuery('INSERT INTO `sale_item` (`sale_id`, `product_id`, `quantity`, `unit_price`, `subtotal`, `created_by_user_id`) VALUES (6, \'1\', 1, \'18\', 18, NULL)')
 4 SYSTEMPATH\Database\BaseBuilder.php(2343): CodeIgniter\Database\BaseConnection->query('INSERT INTO `sale_item` (`sale_id`, `product_id`, `quantity`, `unit_price`, `subtotal`, `created_by_user_id`) VALUES (:sale_id:, :product_id:, :quantity:, :unit_price:, :subtotal:, :created_by_user_id:)', [...], false)
 5 SYSTEMPATH\Model.php(357): CodeIgniter\Database\BaseBuilder->insert()
 6 SYSTEMPATH\BaseModel.php(899): CodeIgniter\Model->doInsert([...])
 7 SYSTEMPATH\Model.php(670): CodeIgniter\BaseModel->insert([...], true)
 8 APPPATH\Controllers\DashBoard.php(224): CodeIgniter\Model->insert([...])
 9 SYSTEMPATH\CodeIgniter.php(974): App\Controllers\DashBoard->checkout()
10 SYSTEMPATH\CodeIgniter.php(520): CodeIgniter\CodeIgniter->runController(Object(App\Controllers\DashBoard))
11 SYSTEMPATH\CodeIgniter.php(363): CodeIgniter\CodeIgniter->handleRequest(null, Object(Config\Cache), false)
12 SYSTEMPATH\Boot.php(417): CodeIgniter\CodeIgniter->run()
13 SYSTEMPATH\Boot.php(68): CodeIgniter\Boot::runCodeIgniter(Object(CodeIgniter\CodeIgniter))
14 FCPATH\index.php(59): CodeIgniter\Boot::bootWeb(Object(Config\Paths))
15 SYSTEMPATH\rewrite.php(44): require_once('C:\\laragon\\www\\POS_SYSTEM\\public\\index.php')
CRITICAL - 2026-07-21 08:46:13 --> CodeIgniter\Database\Exceptions\DatabaseException: Column 'created_by_user_id' cannot be null
[Method: POST, Route: DashBoard/checkout]
in SYSTEMPATH\Database\BaseConnection.php on line 863.
 1 SYSTEMPATH\Database\BaseBuilder.php(2343): CodeIgniter\Database\BaseConnection->query('INSERT INTO `sale_item` (`sale_id`, `product_id`, `quantity`, `unit_price`, `subtotal`, `created_by_user_id`) VALUES (:sale_id:, :product_id:, :quantity:, :unit_price:, :subtotal:, :created_by_user_id:)', [...], false)
 2 SYSTEMPATH\Model.php(357): CodeIgniter\Database\BaseBuilder->insert()
 3 SYSTEMPATH\BaseModel.php(899): CodeIgniter\Model->doInsert([...])
 4 SYSTEMPATH\Model.php(670): CodeIgniter\BaseModel->insert([...], true)
 5 APPPATH\Controllers\DashBoard.php(224): CodeIgniter\Model->insert([...])
 6 SYSTEMPATH\CodeIgniter.php(974): App\Controllers\DashBoard->checkout()
 7 SYSTEMPATH\CodeIgniter.php(520): CodeIgniter\CodeIgniter->runController(Object(App\Controllers\DashBoard))
 8 SYSTEMPATH\CodeIgniter.php(363): CodeIgniter\CodeIgniter->handleRequest(null, Object(Config\Cache), false)
 9 SYSTEMPATH\Boot.php(417): CodeIgniter\CodeIgniter->run()
10 SYSTEMPATH\Boot.php(68): CodeIgniter\Boot::runCodeIgniter(Object(CodeIgniter\CodeIgniter))
11 FCPATH\index.php(59): CodeIgniter\Boot::bootWeb(Object(Config\Paths))
12 SYSTEMPATH\rewrite.php(44): require_once('C:\\laragon\\www\\POS_SYSTEM\\public\\index.php')
CRITICAL - 2026-07-21 08:46:13 --> [Caused by] CodeIgniter\Database\Exceptions\DatabaseException: Column 'created_by_user_id' cannot be null
in SYSTEMPATH\Database\MySQLi\Connection.php on line 310.
 1 SYSTEMPATH\Database\BaseConnection.php(908): CodeIgniter\Database\MySQLi\Connection->execute('INSERT INTO `sale_item` (`sale_id`, `product_id`, `quantity`, `unit_price`, `subtotal`, `created_by_user_id`) VALUES (6, \'1\', 1, \'18\', 18, NULL)')
 2 SYSTEMPATH\Database\BaseConnection.php(825): CodeIgniter\Database\BaseConnection->simpleQuery('INSERT INTO `sale_item` (`sale_id`, `product_id`, `quantity`, `unit_price`, `subtotal`, `created_by_user_id`) VALUES (6, \'1\', 1, \'18\', 18, NULL)')
 3 SYSTEMPATH\Database\BaseBuilder.php(2343): CodeIgniter\Database\BaseConnection->query('INSERT INTO `sale_item` (`sale_id`, `product_id`, `quantity`, `unit_price`, `subtotal`, `created_by_user_id`) VALUES (:sale_id:, :product_id:, :quantity:, :unit_price:, :subtotal:, :created_by_user_id:)', [...], false)
 4 SYSTEMPATH\Model.php(357): CodeIgniter\Database\BaseBuilder->insert()
 5 SYSTEMPATH\BaseModel.php(899): CodeIgniter\Model->doInsert([...])
 6 SYSTEMPATH\Model.php(670): CodeIgniter\BaseModel->insert([...], true)
 7 APPPATH\Controllers\DashBoard.php(224): CodeIgniter\Model->insert([...])
 8 SYSTEMPATH\CodeIgniter.php(974): App\Controllers\DashBoard->checkout()
 9 SYSTEMPATH\CodeIgniter.php(520): CodeIgniter\CodeIgniter->runController(Object(App\Controllers\DashBoard))
10 SYSTEMPATH\CodeIgniter.php(363): CodeIgniter\CodeIgniter->handleRequest(null, Object(Config\Cache), false)
11 SYSTEMPATH\Boot.php(417): CodeIgniter\CodeIgniter->run()
12 SYSTEMPATH\Boot.php(68): CodeIgniter\Boot::runCodeIgniter(Object(CodeIgniter\CodeIgniter))
13 FCPATH\index.php(59): CodeIgniter\Boot::bootWeb(Object(Config\Paths))
14 SYSTEMPATH\rewrite.php(44): require_once('C:\\laragon\\www\\POS_SYSTEM\\public\\index.php')
CRITICAL - 2026-07-21 08:46:13 --> [Caused by] mysqli_sql_exception: Column 'created_by_user_id' cannot be null
in SYSTEMPATH\Database\MySQLi\Connection.php on line 300.
 1 SYSTEMPATH\Database\MySQLi\Connection.php(300): mysqli->query('INSERT INTO `sale_item` (`sale_id`, `product_id`, `quantity`, `unit_price`, `subtotal`, `created_by_user_id`) VALUES (6, \'1\', 1, \'18\', 18, NULL)', 0)
 2 SYSTEMPATH\Database\BaseConnection.php(908): CodeIgniter\Database\MySQLi\Connection->execute('INSERT INTO `sale_item` (`sale_id`, `product_id`, `quantity`, `unit_price`, `subtotal`, `created_by_user_id`) VALUES (6, \'1\', 1, \'18\', 18, NULL)')
 3 SYSTEMPATH\Database\BaseConnection.php(825): CodeIgniter\Database\BaseConnection->simpleQuery('INSERT INTO `sale_item` (`sale_id`, `product_id`, `quantity`, `unit_price`, `subtotal`, `created_by_user_id`) VALUES (6, \'1\', 1, \'18\', 18, NULL)')
 4 SYSTEMPATH\Database\BaseBuilder.php(2343): CodeIgniter\Database\BaseConnection->query('INSERT INTO `sale_item` (`sale_id`, `product_id`, `quantity`, `unit_price`, `subtotal`, `created_by_user_id`) VALUES (:sale_id:, :product_id:, :quantity:, :unit_price:, :subtotal:, :created_by_user_id:)', [...], false)
 5 SYSTEMPATH\Model.php(357): CodeIgniter\Database\BaseBuilder->insert()
 6 SYSTEMPATH\BaseModel.php(899): CodeIgniter\Model->doInsert([...])
 7 SYSTEMPATH\Model.php(670): CodeIgniter\BaseModel->insert([...], true)
 8 APPPATH\Controllers\DashBoard.php(224): CodeIgniter\Model->insert([...])
 9 SYSTEMPATH\CodeIgniter.php(974): App\Controllers\DashBoard->checkout()
10 SYSTEMPATH\CodeIgniter.php(520): CodeIgniter\CodeIgniter->runController(Object(App\Controllers\DashBoard))
11 SYSTEMPATH\CodeIgniter.php(363): CodeIgniter\CodeIgniter->handleRequest(null, Object(Config\Cache), false)
12 SYSTEMPATH\Boot.php(417): CodeIgniter\CodeIgniter->run()
13 SYSTEMPATH\Boot.php(68): CodeIgniter\Boot::runCodeIgniter(Object(CodeIgniter\CodeIgniter))
14 FCPATH\index.php(59): CodeIgniter\Boot::bootWeb(Object(Config\Paths))
15 SYSTEMPATH\rewrite.php(44): require_once('C:\\laragon\\www\\POS_SYSTEM\\public\\index.php')
DEBUG - 2026-07-21 08:46:34 --> Session: Class initialized using 'CodeIgniter\Session\Handlers\FileHandler' driver.
DEBUG - 2026-07-21 08:46:36 --> Session: Class initialized using 'CodeIgniter\Session\Handlers\FileHandler' driver.
DEBUG - 2026-07-21 08:46:36 --> Session: Class initialized using 'CodeIgniter\Session\Handlers\FileHandler' driver.
DEBUG - 2026-07-21 08:46:51 --> Session: Class initialized using 'CodeIgniter\Session\Handlers\FileHandler' driver.
DEBUG - 2026-07-21 08:46:51 --> Session: Class initialized using 'CodeIgniter\Session\Handlers\FileHandler' driver.
DEBUG - 2026-07-21 08:58:36 --> Session: Class initialized using 'CodeIgniter\Session\Handlers\FileHandler' driver.
